Using pre-set license
Built from '2020.3/staging' branch; Version is '2020.3.10f1 (297d780c91bc) revision 2719096'; Using compiler version '192528614'; Build Type 'Release'
OS: 'Windows 10 Pro; OS build 19044.1706; Version 2009; 64bit' Language: 'es' Physical Memory: 32701 MB
BatchMode: 1, IsHumanControllingUs: 0, StartBugReporterOnCrash: 0, Is64bit: 1, IsPro: 0

 COMMAND LINE ARGUMENTS:
C:\Program Files\Unity\Hub\Editor\2020.3.10f1\Editor\Unity.exe
-adb2
-batchMode
-noUpm
-name
AssetImportWorker0
-projectPath
C:/Users/manue/Documents/GitHub/Programming-Theory-Repo/Programming Theory Project
-logFile
Logs/AssetImportWorker0.log
-srvPort
<<<<<<< Updated upstream
50397
Successfully changed project path to: C:/Users/manue/Documents/GitHub/Programming-Theory-Repo/Programming Theory Project
C:/Users/manue/Documents/GitHub/Programming-Theory-Repo/Programming Theory Project
Using Asset Import Pipeline V2.
Refreshing native plugins compatible for Editor in 27.21 ms, found 2 plugins.
=======
52729
Successfully changed project path to: C:/Users/manue/Documents/GitHub/Programming-Theory-Repo/Programming Theory Project
C:/Users/manue/Documents/GitHub/Programming-Theory-Repo/Programming Theory Project
Using Asset Import Pipeline V2.
Refreshing native plugins compatible for Editor in 29.56 ms, found 2 plugins.
>>>>>>> Stashed changes
Preloading 0 native plugins for Editor in 0.00 ms.
Initialize engine version: 2020.3.10f1 (297d780c91bc)
[Subsystems] Discovering subsystems at path C:/Program Files/Unity/Hub/Editor/2020.3.10f1/Editor/Data/Resources/UnitySubsystems
[Subsystems] Discovering subsystems at path C:/Users/manue/Documents/GitHub/Programming-Theory-Repo/Programming Theory Project/Assets
GfxDevice: creating device client; threaded=0
Direct3D:
    Version:  Direct3D 11.0 [level 11.1]
    Renderer: NVIDIA GeForce GTX 970 (ID=0x13c2)
    Vendor:   
    VRAM:     4043 MB
    Driver:   30.0.15.1215
Initialize mono
Mono path[0] = 'C:/Program Files/Unity/Hub/Editor/2020.3.10f1/Editor/Data/Managed'
Mono path[1] = 'C:/Program Files/Unity/Hub/Editor/2020.3.10f1/Editor/Data/MonoBleedingEdge/lib/mono/unityjit'
Mono config path = 'C:/Program Files/Unity/Hub/Editor/2020.3.10f1/Editor/Data/MonoBleedingEdge/etc'
<<<<<<< Updated upstream
Using monoOptions --debugger-agent=transport=dt_socket,embedding=1,server=y,suspend=n,address=127.0.0.1:56360
=======
Using monoOptions --debugger-agent=transport=dt_socket,embedding=1,server=y,suspend=n,address=127.0.0.1:56764
>>>>>>> Stashed changes
Begin MonoManager ReloadAssembly
Registering precompiled unity dll's ...
Register platform support module: C:/Program Files/Unity/Hub/Editor/2020.3.10f1/Editor/Data/PlaybackEngines/WebGLSupport/UnityEditor.WebGL.Extensions.dll
Register platform support module: C:/Program Files/Unity/Hub/Editor/2020.3.10f1/Editor/Data/PlaybackEngines/WindowsStandaloneSupport/UnityEditor.WindowsStandalone.Extensions.dll
<<<<<<< Updated upstream
Registered in 0.002067 seconds.
Native extension for WindowsStandalone target not found
Native extension for WebGL target not found
Refreshing native plugins compatible for Editor in 38.14 ms, found 2 plugins.
Preloading 0 native plugins for Editor in 0.00 ms.
Mono: successfully reloaded assembly
- Completed reload, in  1.214 seconds
Platform modules already initialized, skipping
Registering precompiled user dll's ...
Registered in 0.004287 seconds.
=======
Registered in 0.003403 seconds.
Native extension for WindowsStandalone target not found
Native extension for WebGL target not found
Refreshing native plugins compatible for Editor in 32.34 ms, found 2 plugins.
Preloading 0 native plugins for Editor in 0.00 ms.
Mono: successfully reloaded assembly
- Completed reload, in  1.304 seconds
Platform modules already initialized, skipping
Registering precompiled user dll's ...
Registered in 0.003979 seconds.
>>>>>>> Stashed changes
Begin MonoManager ReloadAssembly
Native extension for WindowsStandalone target not found
Native extension for WebGL target not found
Refreshing native plugins compatible for Editor in 0.29 ms, found 2 plugins.
Preloading 0 native plugins for Editor in 0.00 ms.
Mono: successfully reloaded assembly
<<<<<<< Updated upstream
- Completed reload, in  1.236 seconds
=======
- Completed reload, in  0.994 seconds
>>>>>>> Stashed changes
Platform modules already initialized, skipping
========================================================================
Worker process is ready to serve import requests
Launched and connected shader compiler UnityShaderCompiler.exe after 0.06 seconds
Refreshing native plugins compatible for Editor in 0.34 ms, found 2 plugins.
Preloading 0 native plugins for Editor in 0.00 ms.
<<<<<<< Updated upstream
Unloading 1386 Unused Serialized files (Serialized files now loaded: 0)
System memory in use before: 65.1 MB.
System memory in use after: 65.2 MB.

Unloading 19 unused Assets to reduce memory usage. Loaded Objects now: 1819.
Total: 2.376600 ms (FindLiveObjects: 0.327200 ms CreateObjectMapping: 0.155600 ms MarkObjects: 1.799100 ms  DeleteObjects: 0.093200 ms)

========================================================================
Received Import Request.
  path: Assets/Scenes/SampleScene.unity
  artifactKey: Guid(9fc0d4010bbf28b4594072e72b8655ab) Importer(815301076,1909f56bfc062723c751e8b465ee728b)
Start importing Assets/Scenes/SampleScene.unity using Guid(9fc0d4010bbf28b4594072e72b8655ab) Importer(815301076,1909f56bfc062723c751e8b465ee728b)  -> (artifact id: '85059f4f9e1a832ed95adaa0d25c5c4c') in 0.021980 seconds
  Import took 0.026031 seconds .

========================================================================
Received Import Request.
  Time since last request: 45.989736 seconds.
  path: Assets/Scenes/Menu.unity
  artifactKey: Guid(9fc0d4010bbf28b4594072e72b8655ab) Importer(815301076,1909f56bfc062723c751e8b465ee728b)
Start importing Assets/Scenes/Menu.unity using Guid(9fc0d4010bbf28b4594072e72b8655ab) Importer(815301076,1909f56bfc062723c751e8b465ee728b)  -> (artifact id: 'bf1b178b59ac682185fe910660ae9a81') in 0.008195 seconds
  Import took 0.013343 seconds .
=======
Unloading 1400 Unused Serialized files (Serialized files now loaded: 0)
System memory in use before: 67.4 MB.
System memory in use after: 67.5 MB.

Unloading 19 unused Assets to reduce memory usage. Loaded Objects now: 1834.
Total: 2.313400 ms (FindLiveObjects: 0.140400 ms CreateObjectMapping: 0.042600 ms MarkObjects: 2.042600 ms  DeleteObjects: 0.086000 ms)

========================================================================
Received Import Request.
  path: Assets/AssetsImport
  artifactKey: Guid(7e7739c019741d24182589ab83897d32) Importer(815301076,1909f56bfc062723c751e8b465ee728b)
Start importing Assets/AssetsImport using Guid(7e7739c019741d24182589ab83897d32) Importer(815301076,1909f56bfc062723c751e8b465ee728b)  -> (artifact id: '457c5fb01adf6591fa747aefaa2a6514') in 0.007548 seconds
  Import took 0.009594 seconds .

========================================================================
Received Import Request.
  Time since last request: 17.871278 seconds.
  path: Assets/AssetsImport/The_Texture_Lab
  artifactKey: Guid(22cb9964255b1824b813e481aa0dbc8e) Importer(815301076,1909f56bfc062723c751e8b465ee728b)
Start importing Assets/AssetsImport/The_Texture_Lab using Guid(22cb9964255b1824b813e481aa0dbc8e) Importer(815301076,1909f56bfc062723c751e8b465ee728b)  -> (artifact id: '66ff7bae8fb4a47a48e7339e4a48130d') in 0.007201 seconds
  Import took 0.011043 seconds .

========================================================================
Received Import Request.
  Time since last request: 18.187832 seconds.
  path: Assets/AssetsImport/The_Texture_Lab/TL_Prototype_Textures_Pack/Materials/Base_Materials/Mat_1024
  artifactKey: Guid(cdd4ea9d4855a2b4ebb11338a4469280) Importer(815301076,1909f56bfc062723c751e8b465ee728b)
Start importing Assets/AssetsImport/The_Texture_Lab/TL_Prototype_Textures_Pack/Materials/Base_Materials/Mat_1024 using Guid(cdd4ea9d4855a2b4ebb11338a4469280) Importer(815301076,1909f56bfc062723c751e8b465ee728b)  -> (artifact id: '00194a0a08dc0e13fdeda98b77deb9d4') in 0.008191 seconds
  Import took 0.012060 seconds .

========================================================================
Received Import Request.
  Time since last request: 16.154703 seconds.
  path: Assets/AssetsImport/The_Texture_Lab/TL_Prototype_Textures_Pack/Materials/Nature_Materials
  artifactKey: Guid(d7229dede50974d4e9b1a9f8f34bc080) Importer(815301076,1909f56bfc062723c751e8b465ee728b)
Start importing Assets/AssetsImport/The_Texture_Lab/TL_Prototype_Textures_Pack/Materials/Nature_Materials using Guid(d7229dede50974d4e9b1a9f8f34bc080) Importer(815301076,1909f56bfc062723c751e8b465ee728b)  -> (artifact id: 'e195bd516a61a3f9055c62da4e2c910c') in 0.013322 seconds
  Import took 0.016001 seconds .

========================================================================
Received Import Request.
  Time since last request: 0.012152 seconds.
  path: Assets/AssetsImport/The_Texture_Lab/TL_Prototype_Textures_Pack/Materials/Nature_Materials
  artifactKey: Guid(d7229dede50974d4e9b1a9f8f34bc080) Importer(815301076,1909f56bfc062723c751e8b465ee728b)
Start importing Assets/AssetsImport/The_Texture_Lab/TL_Prototype_Textures_Pack/Materials/Nature_Materials using Guid(d7229dede50974d4e9b1a9f8f34bc080) Importer(815301076,1909f56bfc062723c751e8b465ee728b)  -> (artifact id: 'e195bd516a61a3f9055c62da4e2c910c') in 0.004646 seconds
  Import took 0.009413 seconds .
>>>>>>> Stashed changes

AssetImportWorkerClient::OnTransportError - code=2 error=End of file
